<?xml version="1.0" encoding="UTF-8"?>
<testng-results skipped="0" failed="1" ignored="0" total="1" passed="0">
  <reporter-output>
  </reporter-output>
  <suite name="Default suite" duration-ms="40247" started-at="2023-02-28T14:25:56 IST" finished-at="2023-02-28T14:26:36 IST">
    <groups>
    </groups>
    <test name="Default test" duration-ms="40247" started-at="2023-02-28T14:25:56 IST" finished-at="2023-02-28T14:26:36 IST">
      <class name="testscripts.ThirdTest">
        <test-method status="PASS" signature="classConfiiguration()[pri:0, instance:testscripts.ThirdTest@553a3d88]" name="classConfiiguration" is-config="true" duration-ms="878" started-at="2023-02-28T14:25:56 IST" finished-at="2023-02-28T14:25:57 IST">
          <reporter-output>
          </reporter-output>
        </test-method> <!-- classConfiiguration -->
        <test-method status="PASS" signature="methodConfiguration()[pri:0, instance:testscripts.ThirdTest@553a3d88]" name="methodConfiguration" is-config="true" duration-ms="9032" started-at="2023-02-28T14:25:57 IST" finished-at="2023-02-28T14:26:06 IST">
          <reporter-output>
          </reporter-output>
        </test-method> <!-- methodConfiguration -->
        <test-method status="FAIL" signature="thirdTest()[pri:0, instance:testscripts.ThirdTest@553a3d88]" name="thirdTest" duration-ms="29463" started-at="2023-02-28T14:26:06 IST" finished-at="2023-02-28T14:26:35 IST">
          <exception class="java.lang.AssertionError">
            <message>
              <![CDATA[The following asserts failed:
expected [Core Java For Selenium Training ] but found [Core Java For Selenium Training]]]>
            </message>
            <full-stacktrace>
              <![CDATA[java.lang.AssertionError: The following asserts failed:
expected [Core Java For Selenium Training ] but found [Core Java For Selenium Training]
at org.testng.asserts.SoftAssert.assertAll(SoftAssert.java:47)
at org.testng.asserts.SoftAssert.assertAll(SoftAssert.java:31)
at testscripts.ThirdTest.thirdTest(ThirdTest.java:30)
at sun.reflect.NativeMethodAccessorImpl.invoke0(Native Method)
at sun.reflect.NativeMethodAccessorImpl.invoke(Unknown Source)
at sun.reflect.DelegatingMethodAccessorImpl.invoke(Unknown Source)
at java.lang.reflect.Method.invoke(Unknown Source)
at org.testng.internal.MethodInvocationHelper.invokeMethod(MethodInvocationHelper.java:133)
at org.testng.internal.TestInvoker.invokeMethod(TestInvoker.java:598)
at org.testng.internal.TestInvoker.invokeTestMethod(TestInvoker.java:173)
at org.testng.internal.MethodRunner.runInSequence(MethodRunner.java:46)
at org.testng.internal.TestInvoker$MethodInvocationAgent.invoke(TestInvoker.java:824)
at org.testng.internal.TestInvoker.invokeTestMethods(TestInvoker.java:146)
at org.testng.internal.TestMethodWorker.invokeTestMethods(TestMethodWorker.java:146)
at org.testng.internal.TestMethodWorker.run(TestMethodWorker.java:128)
at java.util.ArrayList.forEach(Unknown Source)
at org.testng.TestRunner.privateRun(TestRunner.java:794)
at org.testng.TestRunner.run(TestRunner.java:596)
at org.testng.SuiteRunner.runTest(SuiteRunner.java:377)
at org.testng.SuiteRunner.runSequentially(SuiteRunner.java:371)
at org.testng.SuiteRunner.privateRun(SuiteRunner.java:332)
at org.testng.SuiteRunner.run(SuiteRunner.java:276)
at org.testng.SuiteRunnerWorker.runSuite(SuiteRunnerWorker.java:53)
at org.testng.SuiteRunnerWorker.run(SuiteRunnerWorker.java:96)
at org.testng.TestNG.runSuitesSequentially(TestNG.java:1212)
at org.testng.TestNG.runSuitesLocally(TestNG.java:1134)
at org.testng.TestNG.runSuites(TestNG.java:1063)
at org.testng.TestNG.run(TestNG.java:1031)
at org.testng.remote.AbstractRemoteTestNG.run(AbstractRemoteTestNG.java:115)
at org.testng.remote.RemoteTestNG.initAndRun(RemoteTestNG.java:251)
at org.testng.remote.RemoteTestNG.main(RemoteTestNG.java:77)
]]>
            </full-stacktrace>
          </exception> <!-- java.lang.AssertionError -->
          <reporter-output>
          </reporter-output>
        </test-method> <!-- thirdTest -->
        <test-method status="PASS" signature="methodTeardown()[pri:0, instance:testscripts.ThirdTest@553a3d88]" name="methodTeardown" is-config="true" duration-ms="831" started-at="2023-02-28T14:26:35 IST" finished-at="2023-02-28T14:26:36 IST">
          <reporter-output>
          </reporter-output>
        </test-method> <!-- methodTeardown -->
        <test-method status="PASS" signature="classTeardown()[pri:0, instance:testscripts.ThirdTest@553a3d88]" name="classTeardown" is-config="true" duration-ms="0" started-at="2023-02-28T14:26:36 IST" finished-at="2023-02-28T14:26:36 IST">
          <reporter-output>
          </reporter-output>
        </test-method> <!-- classTeardown -->
      </class> <!-- testscripts.ThirdTest -->
    </test> <!-- Default test -->
  </suite> <!-- Default suite -->
</testng-results>
